<?xml version="1.0" encoding="utf-8"?><testsuites><testsuite errors="0" failures="0" hostname="LAPTOP-F3U3PBBP" name="pytest" skipped="0" tests="0" time="138.410" timestamp="2019-11-04T15:16:50.594537"><testcase time="0.001"></testcase></testsuite></testsuites>